<?xml version="1.0" encoding="UTF-8"?>
<!-- Generated by org.testng.reporters.JUnitReportReporter -->
<testsuite hostname="DESKTOP-8D7P8N9" failures="0" tests="1" name="admin.LotDiamondCorrectionController" time="0.215" errors="0" timestamp="2025-04-18T12:30:15 IST" skipped="0">
  <testcase classname="admin.LotDiamondCorrectionController" name="test02GetCorrectionAuctionId" time="0.215"/>
</testsuite> <!-- admin.LotDiamondCorrectionController -->
