<?xml version="1.0" encoding="UTF-8"?>
<!-- Generated by org.testng.reporters.JUnitReportReporter -->
<testsuite hostname="DESKTOP-C9G084L" failures="0" tests="5" name="admin.NoticeController" time="0.402" errors="0" timestamp="2025-04-18T17:16:43 IST" skipped="0">
  <testcase classname="admin.NoticeController" name="test05GetActiveNotice" time="0.034"/>
  <testcase classname="admin.NoticeController" name="test02PutActivateDeactivateNotice" time="0.049"/>
  <testcase classname="admin.NoticeController" name="test01PutUpdateNotice" time="0.073"/>
  <testcase classname="admin.NoticeController" name="test03PostCreateNotice" time="0.125"/>
  <testcase classname="admin.NoticeController" name="test04GetAllNotices" time="0.121"/>
</testsuite> <!-- admin.NoticeController -->
