<?xml version="1.0" encoding="UTF-8"?>
<!-- Generated by org.testng.reporters.JUnitReportReporter -->
<testsuite hostname="LAPTOP-8LD3H0DF" failures="0" tests="4" name="admin.BidderSupplierSummaryController" time="0.066" errors="0" timestamp="2025-03-27T09:30:38 IST" skipped="2">
  <testcase classname="admin.BidderSupplierSummaryController" name="test02GetDetailedSupplierSummary" time="0.032"/>
  <system-out/>
  <testcase classname="admin.BidderSupplierSummaryController" name="test03GetDetailedBidderSummary" time="0.034"/>
  <system-out/>
  <testcase classname="admin.BidderSupplierSummaryController" name="test01GetSupplierSummary">
    <skipped/>
  </testcase> <!-- test01GetSupplierSummary -->
  <system-out/>
  <testcase classname="admin.BidderSupplierSummaryController" name="Test04GetBiddersSummary">
    <skipped/>
  </testcase> <!-- Test04GetBiddersSummary -->
  <system-out/>
</testsuite> <!-- admin.BidderSupplierSummaryController -->
