<?xml version="1.0" encoding="UTF-8"?>
<!-- Generated by org.testng.reporters.JUnitReportReporter -->
<testsuite hostname="DESKTOP-8D7P8N9" failures="0" tests="1" name="admin.LotDetailReportController" time="0.146" errors="0" timestamp="2025-04-18T12:40:29 IST" skipped="0">
  <testcase classname="admin.LotDetailReportController" name="Test01LotDetailReportAuctionId" time="0.146"/>
</testsuite> <!-- admin.LotDetailReportController -->
