<?xml version="1.0" encoding="UTF-8"?>
<!-- Generated by org.testng.reporters.JUnitReportReporter -->
<testsuite hostname="DESKTOP-8D7P8N9" failures="0" tests="3" name="admin.InvoiceListController" time="0.061" errors="0" timestamp="2025-04-18T09:19:43 IST" skipped="0">
  <testcase classname="admin.InvoiceListController" name="test02GetInvoiceList" time="0.020"/>
  <testcase classname="admin.InvoiceListController" name="test03GetHoldInvoiceList" time="0.021"/>
  <testcase classname="admin.InvoiceListController" name="test01GetPastInvoiceList" time="0.020"/>
</testsuite> <!-- admin.InvoiceListController -->
