<?xml version="1.0" encoding="UTF-8"?>
<!-- Generated by org.testng.reporters.JUnitReportReporter -->
<testsuite hostname="LAPTOP-8LD3H0DF" failures="0" tests="3" name="admin.RemarkController" time="0.088" errors="0" timestamp="2025-03-27T09:30:38 IST" skipped="1">
  <testcase classname="admin.RemarkController" name="Test01RemarkCreate" time="0.037"/>
  <system-out/>
  <testcase classname="admin.RemarkController" name="Test03RemarkDelete" time="0.051"/>
  <system-out/>
  <testcase classname="admin.RemarkController" name="Test02RemarkCount">
    <skipped/>
  </testcase> <!-- Test02RemarkCount -->
  <system-out/>
</testsuite> <!-- admin.RemarkController -->
