<?xml version="1.0" encoding="UTF-8"?>
<!-- Generated by org.testng.reporters.JUnitReportReporter -->
<testsuite hostname="DESKTOP-8D7P8N9" failures="0" tests="4" name="admin.ClarityController" time="0.195" errors="0" timestamp="2025-04-18T09:19:43 IST" skipped="0">
  <testcase classname="admin.ClarityController" name="test03PostClarityExcel" time="0.119"/>
  <testcase classname="admin.ClarityController" name="test02PostClarity" time="0.026"/>
  <testcase classname="admin.ClarityController" name="test04GetClarities" time="0.032"/>
  <testcase classname="admin.ClarityController" name="test01PutClarityId" time="0.018"/>
</testsuite> <!-- admin.ClarityController -->
