<?xml version="1.0" encoding="UTF-8"?>
<!-- Generated by org.testng.reporters.JUnitReportReporter -->
<testsuite hostname="DESKTOP-8D7P8N9" failures="0" tests="2" name="admin.AuthenticationController" time="0.060" errors="0" timestamp="2025-04-18T09:19:43 IST" skipped="1">
  <testcase classname="admin.AuthenticationController" name="test01AuthRegister" time="0.060"/>
  <testcase classname="admin.AuthenticationController" name="test02AuthRegisterAll">
    <skipped/>
  </testcase> <!-- test02AuthRegisterAll -->
</testsuite> <!-- admin.AuthenticationController -->
