<?xml version="1.0" encoding="UTF-8"?>
<!-- Generated by org.testng.reporters.JUnitReportReporter -->
<testsuite hostname="LAPTOP-8LD3H0DF" failures="0" tests="4" name="admin.ClarityController" time="1.218" errors="0" timestamp="2025-03-27T09:30:38 IST" skipped="0">
  <testcase classname="admin.ClarityController" name="test01PutClarityId" time="0.029"/>
  <system-out/>
  <testcase classname="admin.ClarityController" name="test04GetClarities" time="0.370"/>
  <system-out/>
  <testcase classname="admin.ClarityController" name="test03PostClarityExcel" time="0.783"/>
  <system-out/>
  <testcase classname="admin.ClarityController" name="test02PostClarity" time="0.036"/>
  <system-out/>
</testsuite> <!-- admin.ClarityController -->
