<?xml version="1.0" encoding="UTF-8"?>
<!-- Generated by org.testng.reporters.JUnitReportReporter -->
<testsuite hostname="DESKTOP-8D7P8N9" failures="0" tests="5" name="admin.UserController" time="0.080" errors="0" timestamp="2025-04-18T11:28:39 IST" skipped="4">
  <testcase classname="admin.UserController" name="test14DeleteUserUserId" time="0.080"/>
  <testcase classname="admin.UserController" name="test05UpdateUploadedUsers">
    <skipped/>
  </testcase> <!-- test05UpdateUploadedUsers -->
  <testcase classname="admin.UserController" name="test07GetKycByUserId">
    <skipped/>
  </testcase> <!-- test07GetKycByUserId -->
  <testcase classname="admin.UserController" name="test11GetAllSuppliers">
    <skipped/>
  </testcase> <!-- test11GetAllSuppliers -->
  <testcase classname="admin.UserController" name="test06GetUserSupplierDetails">
    <skipped/>
  </testcase> <!-- test06GetUserSupplierDetails -->
</testsuite> <!-- admin.UserController -->
