<?xml version="1.0" encoding="UTF-8"?>
<!-- Generated by org.testng.reporters.JUnitReportReporter -->
<testsuite hostname="DESKTOP-8D7P8N9" failures="0" tests="1" name="admin.BalanceSheetController" time="0.045" errors="0" timestamp="2025-04-18T09:19:43 IST" skipped="0">
  <testcase classname="admin.BalanceSheetController" name="Test01BalanceSheet" time="0.045"/>
</testsuite> <!-- admin.BalanceSheetController -->
