<?xml version="1.0" encoding="UTF-8"?>
<!-- Generated by org.testng.reporters.JUnitReportReporter -->
<testsuite hostname="LAPTOP-8LD3H0DF" failures="0" tests="3" name="admin.UserControllerMerged" time="8.788" errors="0" timestamp="2025-03-27T09:30:38 IST" skipped="0">
  <testcase classname="admin.UserControllerMerged" name="Test03GetUserAccountSummary" time="4.400"/>
  <system-out/>
  <testcase classname="admin.UserControllerMerged" name="Test01GetUserSummary" time="4.366"/>
  <system-out/>
  <testcase classname="admin.UserControllerMerged" name="Test02GetUserRole" time="0.022"/>
  <system-out/>
</testsuite> <!-- admin.UserControllerMerged -->
