<?xml version="1.0" encoding="UTF-8"?>
<!-- Generated by org.testng.reporters.JUnitReportReporter -->
<testsuite hostname="LAPTOP-8LD3H0DF" failures="0" tests="3" name="admin.InvoiceListController" time="0.055" errors="0" timestamp="2025-03-27T09:30:38 IST" skipped="0">
  <testcase classname="admin.InvoiceListController" name="test02GetInvoiceList" time="0.020"/>
  <system-out/>
  <testcase classname="admin.InvoiceListController" name="test01GetPastInvoiceList" time="0.018"/>
  <system-out/>
  <testcase classname="admin.InvoiceListController" name="test03GetHoldInvoiceList" time="0.017"/>
  <system-out/>
</testsuite> <!-- admin.InvoiceListController -->
