<?xml version="1.0" encoding="UTF-8"?>
<!-- Generated by org.testng.reporters.JUnitReportReporter -->
<testsuite hostname="DESKTOP-8D7P8N9" failures="0" tests="4" name="admin.BidderSupplierSummaryController" time="0.048" errors="0" timestamp="2025-04-18T09:19:43 IST" skipped="2">
  <testcase classname="admin.BidderSupplierSummaryController" name="test02GetDetailedSupplierSummary" time="0.024"/>
  <testcase classname="admin.BidderSupplierSummaryController" name="test03GetDetailedBidderSummary" time="0.024"/>
  <testcase classname="admin.BidderSupplierSummaryController" name="test01GetSupplierSummary">
    <skipped/>
  </testcase> <!-- test01GetSupplierSummary -->
  <testcase classname="admin.BidderSupplierSummaryController" name="Test04GetBiddersSummary">
    <skipped/>
  </testcase> <!-- Test04GetBiddersSummary -->
</testsuite> <!-- admin.BidderSupplierSummaryController -->
