<?xml version="1.0" encoding="UTF-8"?>
<!-- Generated by org.testng.reporters.JUnitReportReporter -->
<testsuite hostname="DESKTOP-8D7P8N9" failures="0" tests="1" name="admin.ReservationTransactionController" time="0.240" errors="0" timestamp="2025-04-18T12:03:45 IST" skipped="0">
  <testcase classname="admin.ReservationTransactionController" name="test05GetByReservationTransactionId" time="0.240"/>
</testsuite> <!-- admin.ReservationTransactionController -->
