<?xml version="1.0" encoding="UTF-8"?>
<!-- Generated by org.testng.reporters.JUnitReportReporter -->
<testsuite hostname="LAPTOP-8LD3H0DF" failures="0" tests="18" name="admin.AuctionController" time="1.601" errors="0" timestamp="2025-03-27T09:30:38 IST" skipped="0">
  <testcase classname="admin.AuctionController" name="test04PostAuctionSupplierUpdateEmails" time="0.030"/>
  <system-out/>
  <testcase classname="admin.AuctionController" name="test06GetAuctions" time="1.022"/>
  <system-out/>
  <testcase classname="admin.AuctionController" name="test15GetAuctionsFinishedAndEndDiamond" time="0.022"/>
  <system-out/>
  <testcase classname="admin.AuctionController" name="test02DeleteAuctionId" time="0.020"/>
  <system-out/>
  <testcase classname="admin.AuctionController" name="test17GetAuctionsDiamond" time="0.018"/>
  <system-out/>
  <testcase classname="admin.AuctionController" name="test10GetAuctionsUpcomingDiamond" time="0.021"/>
  <system-out/>
  <testcase classname="admin.AuctionController" name="test09GetAuctionsUpcomingJewellery" time="0.023"/>
  <system-out/>
  <testcase classname="admin.AuctionController" name="test11GetAuctionsJewellery" time="0.018"/>
  <system-out/>
  <testcase classname="admin.AuctionController" name="test13GetAuctionsFinishedJewellery" time="0.016"/>
  <system-out/>
  <testcase classname="admin.AuctionController" name="test05PostAuctionSentEmails" time="0.020"/>
  <system-out/>
  <testcase classname="admin.AuctionController" name="test14GetSAuctionFinishedDiamond" time="0.021"/>
  <system-out/>
  <testcase classname="admin.AuctionController" name="test16GetAuctionsEvents" time="0.022"/>
  <system-out/>
  <testcase classname="admin.AuctionController" name="test12GetAuctionsInactive" time="0.020"/>
  <system-out/>
  <testcase classname="admin.AuctionController" name="test08GetAuctionsUpcoming" time="0.236"/>
  <system-out/>
  <testcase classname="admin.AuctionController" name="test18GetAuctionByActive" time="0.017"/>
  <system-out/>
  <testcase classname="admin.AuctionController" name="test03PostAuction" time="0.029"/>
  <system-out/>
  <testcase classname="admin.AuctionController" name="test01PutAuctionId" time="0.021"/>
  <system-out/>
  <testcase classname="admin.AuctionController" name="test07GetAuctionView" time="0.025"/>
  <system-out/>
</testsuite> <!-- admin.AuctionController -->
