<?xml version="1.0" encoding="UTF-8"?>
<!-- Generated by org.testng.reporters.JUnitReportReporter -->
<testsuite hostname="LAPTOP-8LD3H0DF" failures="0" tests="2" name="admin.rapaportController" time="65.878" errors="0" timestamp="2025-03-27T09:30:38 IST" skipped="0">
  <testcase classname="admin.rapaportController" name="Test02rapaports" time="65.851"/>
  <system-out/>
  <testcase classname="admin.rapaportController" name="Test01LotDiamondrapPrice" time="0.027"/>
  <system-out/>
</testsuite> <!-- admin.rapaportController -->
