<?xml version="1.0" encoding="UTF-8"?>
<!-- Generated by org.testng.reporters.JUnitReportReporter -->
<testsuite hostname="DESKTOP-8D7P8N9" failures="0" tests="3" name="admin.CompanyController" time="0.095" errors="0" timestamp="2025-04-18T09:19:43 IST" skipped="0">
  <testcase classname="admin.CompanyController" name="test01PutCompnayId" time="0.024"/>
  <testcase classname="admin.CompanyController" name="test03PostCompany" time="0.043"/>
  <testcase classname="admin.CompanyController" name="tset02GetCompnay" time="0.028"/>
</testsuite> <!-- admin.CompanyController -->
