<?xml version="1.0" encoding="UTF-8"?>
<!-- Generated by org.testng.reporters.JUnitReportReporter -->
<testsuite hostname="DESKTOP-8D7P8N9" failures="0" tests="2" name="admin.rapaportController" time="6.445" errors="0" timestamp="2025-04-18T09:19:43 IST" skipped="0">
  <testcase classname="admin.rapaportController" name="Test01LotDiamondrapPrice" time="0.019"/>
  <testcase classname="admin.rapaportController" name="Test02rapaports" time="6.426"/>
</testsuite> <!-- admin.rapaportController -->
