<?xml version="1.0" encoding="UTF-8"?>
<!-- Generated by org.testng.reporters.JUnitReportReporter -->
<testsuite hostname="LAPTOP-8LD3H0DF" failures="0" tests="2" name="admin.AuthenticationController" time="0.073" errors="0" timestamp="2025-03-27T09:30:38 IST" skipped="1">
  <testcase classname="admin.AuthenticationController" name="test01AuthRegister" time="0.073"/>
  <system-out/>
  <testcase classname="admin.AuthenticationController" name="test02AuthRegisterAll">
    <skipped/>
  </testcase> <!-- test02AuthRegisterAll -->
  <system-out/>
</testsuite> <!-- admin.AuthenticationController -->
