<?xml version="1.0" encoding="UTF-8"?>
<!-- Generated by org.testng.reporters.JUnitReportReporter -->
<testsuite hostname="DESKTOP-C9G084L" failures="0" tests="1" name="admin.CutController" time="0.114" errors="0" timestamp="2025-04-18T17:24:49 IST" skipped="0">
  <testcase classname="admin.CutController" name="testDeleteCut" time="0.114"/>
</testsuite> <!-- admin.CutController -->
