<?xml version="1.0" encoding="UTF-8"?>
<!-- Generated by org.testng.reporters.JUnitReportReporter -->
<testsuite hostname="DESKTOP-C9G084L" failures="0" tests="1" name="admin.AnnouncementController" time="0.206" errors="0" timestamp="2025-04-18T17:16:26 IST" skipped="0">
  <testcase classname="admin.AnnouncementController" name="test01PostBiddingAnnouncements" time="0.206"/>
</testsuite> <!-- admin.AnnouncementController -->
