<?xml version="1.0" encoding="UTF-8"?>
<!-- Generated by org.testng.reporters.JUnitReportReporter -->
<testsuite hostname="DESKTOP-8D7P8N9" failures="0" tests="1" name="admin.FilterJewelleryController" time="0.766" errors="0" timestamp="2025-04-18T11:50:50 IST" skipped="0">
  <testcase classname="admin.FilterJewelleryController" name="test01GetFilterJewellery" time="0.766"/>
</testsuite> <!-- admin.FilterJewelleryController -->
