<?xml version="1.0" encoding="UTF-8"?>
<!-- Generated by org.testng.reporters.JUnitReportReporter -->
<testsuite hostname="LAPTOP-8LD3H0DF" failures="0" tests="6" name="admin.LotDiamondController" time="0.315" errors="0" timestamp="2025-03-27T09:30:38 IST" skipped="0">
  <testcase classname="admin.LotDiamondController" name="Test09otDiamondsPrevious" time="0.041"/>
  <system-out/>
  <testcase classname="admin.LotDiamondController" name="Test07LotDiamondsAuctionId" time="0.056"/>
  <system-out/>
  <testcase classname="admin.LotDiamondController" name="Test01LotActiveAll" time="0.039"/>
  <system-out/>
  <testcase classname="admin.LotDiamondController" name="Test03LotDiamondAuctionId" time="0.024"/>
  <system-out/>
  <testcase classname="admin.LotDiamondController" name="Test08LotDIamondssupplierLots" time="0.118"/>
  <system-out/>
  <testcase classname="admin.LotDiamondController" name="Test05LotDiamonds" time="0.037"/>
  <system-out/>
</testsuite> <!-- admin.LotDiamondController -->
