<?xml version="1.0" encoding="UTF-8"?>
<!-- Generated by org.testng.reporters.JUnitReportReporter -->
<testsuite hostname="DESKTOP-8D7P8N9" failures="0" tests="13" name="admin.LotDiamondBidController" time="0.510" errors="0" timestamp="2025-04-18T09:19:43 IST" skipped="1">
  <testcase classname="admin.LotDiamondBidController" name="test05LotDiamondLotId" time="0.044"/>
  <testcase classname="admin.LotDiamondBidController" name="test07LotDiamondFavourites" time="0.043"/>
  <testcase classname="admin.LotDiamondBidController" name="test04LotDiamondRemark" time="0.043"/>
  <testcase classname="admin.LotDiamondBidController" name="test09LotDiamondGetMyStockData" time="0.049"/>
  <testcase classname="admin.LotDiamondBidController" name="test12GetLoseBids" time="0.048"/>
  <testcase classname="admin.LotDiamondBidController" name="test03LotDiamondSearchPage" time="0.040"/>
  <testcase classname="admin.LotDiamondBidController" name="test02LotDiamondSearch" time="0.047"/>
  <testcase classname="admin.LotDiamondBidController" name="test10GetMyBidStatusData" time="0.048"/>
  <testcase classname="admin.LotDiamondBidController" name="test11GetMyBids" time="0.050"/>
  <testcase classname="admin.LotDiamondBidController" name="test08LotDiamondGetWinBids" time="0.047"/>
  <testcase classname="admin.LotDiamondBidController" name="test06LotDiamondLiveBids" time="0.022"/>
  <testcase classname="admin.LotDiamondBidController" name="test01LotDiamondNegotiation" time="0.029"/>
  <testcase classname="admin.LotDiamondBidController" name="test13GetAllWonBids">
    <skipped/>
  </testcase> <!-- test13GetAllWonBids -->
</testsuite> <!-- admin.LotDiamondBidController -->
