<?xml version="1.0" encoding="UTF-8"?>
<!-- Generated by org.testng.reporters.JUnitReportReporter -->
<testsuite hostname="DESKTOP-8D7P8N9" failures="0" tests="5" name="admin.InvoiceDetailsController" time="0.107" errors="0" timestamp="2025-04-18T09:19:43 IST" skipped="0">
  <testcase classname="admin.InvoiceDetailsController" name="test01UserIdAuctionId" time="0.019"/>
  <testcase classname="admin.InvoiceDetailsController" name="test03InvoiceDetailsAllAuctionId" time="0.028"/>
  <testcase classname="admin.InvoiceDetailsController" name="test05invoideDetailsAll" time="0.018"/>
  <testcase classname="admin.InvoiceDetailsController" name="test02InvoiceDetails" time="0.021"/>
  <testcase classname="admin.InvoiceDetailsController" name="test04InvoiceDetailUserIdAuctionId" time="0.021"/>
</testsuite> <!-- admin.InvoiceDetailsController -->
