<?xml version="1.0" encoding="UTF-8"?>
<!-- Generated by org.testng.reporters.JUnitReportReporter -->
<testsuite hostname="DESKTOP-8D7P8N9" failures="0" tests="4" name="admin.ColorController" time="0.164" errors="0" timestamp="2025-04-18T09:19:43 IST" skipped="0">
  <testcase classname="admin.ColorController" name="Test02PostColor" time="0.016"/>
  <testcase classname="admin.ColorController" name="Test04GetColors" time="0.031"/>
  <testcase classname="admin.ColorController" name="Test03PostColorExcel" time="0.099"/>
  <testcase classname="admin.ColorController" name="Test01PutColorId" time="0.018"/>
</testsuite> <!-- admin.ColorController -->
