<?xml version="1.0" encoding="UTF-8"?>
<!-- Generated by org.testng.reporters.JUnitReportReporter -->
<testsuite hostname="DESKTOP-C9G084L" failures="0" tests="1" name="admin.DataClearController" time="0.682" errors="0" timestamp="2025-04-18T17:22:16 IST" skipped="0">
  <testcase classname="admin.DataClearController" name="testClearDataByAuctionId" time="0.682"/>
</testsuite> <!-- admin.DataClearController -->
