<?xml version="1.0" encoding="UTF-8"?>
<!-- Generated by org.testng.reporters.JUnitReportReporter -->
<testsuite hostname="LAPTOP-8LD3H0DF" failures="0" tests="1" name="admin.FilterController" time="2.183" errors="0" timestamp="2025-03-27T09:30:38 IST" skipped="0">
  <testcase classname="admin.FilterController" name="test01GetFilter" time="2.183"/>
  <system-out/>
</testsuite> <!-- admin.FilterController -->
