<?xml version="1.0" encoding="UTF-8"?>
<!-- Generated by org.testng.reporters.JUnitReportReporter -->
<testsuite hostname="DESKTOP-8D7P8N9" failures="0" tests="3" name="admin.RemarkController" time="0.067" errors="0" timestamp="2025-04-18T09:19:43 IST" skipped="1">
  <testcase classname="admin.RemarkController" name="Test01RemarkCreate" time="0.041"/>
  <testcase classname="admin.RemarkController" name="Test03RemarkDelete" time="0.026"/>
  <testcase classname="admin.RemarkController" name="Test02RemarkCount">
    <skipped/>
  </testcase> <!-- Test02RemarkCount -->
</testsuite> <!-- admin.RemarkController -->
