<?xml version="1.0" encoding="UTF-8"?>
<!-- Generated by org.testng.reporters.JUnitReportReporter -->
<testsuite hostname="DESKTOP-8D7P8N9" failures="0" tests="6" name="admin.LotDiamondController" time="0.161" errors="0" timestamp="2025-04-18T09:19:43 IST" skipped="0">
  <testcase classname="admin.LotDiamondController" name="Test05LotDiamonds" time="0.030"/>
  <testcase classname="admin.LotDiamondController" name="Test01LotActiveAll" time="0.029"/>
  <testcase classname="admin.LotDiamondController" name="Test09otDiamondsPrevious" time="0.022"/>
  <testcase classname="admin.LotDiamondController" name="Test08LotDIamondssupplierLots" time="0.037"/>
  <testcase classname="admin.LotDiamondController" name="Test03LotDiamondAuctionId" time="0.019"/>
  <testcase classname="admin.LotDiamondController" name="Test07LotDiamondsAuctionId" time="0.024"/>
</testsuite> <!-- admin.LotDiamondController -->
