<?xml version="1.0" encoding="UTF-8"?>
<!-- Generated by org.testng.reporters.JUnitReportReporter -->
<testsuite hostname="LAPTOP-8LD3H0DF" failures="0" tests="5" name="admin.InvoiceDetailsController" time="0.210" errors="0" timestamp="2025-03-27T09:30:38 IST" skipped="0">
  <testcase classname="admin.InvoiceDetailsController" name="test05invoideDetailsAll" time="0.020"/>
  <system-out/>
  <testcase classname="admin.InvoiceDetailsController" name="test04InvoiceDetailUserIdAuctionId" time="0.019"/>
  <system-out/>
  <testcase classname="admin.InvoiceDetailsController" name="test03InvoiceDetailsAllAuctionId" time="0.107"/>
  <system-out/>
  <testcase classname="admin.InvoiceDetailsController" name="test02InvoiceDetails" time="0.041"/>
  <system-out/>
  <testcase classname="admin.InvoiceDetailsController" name="test01UserIdAuctionId" time="0.023"/>
  <system-out/>
</testsuite> <!-- admin.InvoiceDetailsController -->
