<?xml version="1.0" encoding="UTF-8"?>
<!-- Generated by org.testng.reporters.JUnitReportReporter -->
<testsuite hostname="LAPTOP-8LD3H0DF" failures="0" tests="5" name="admin.BrandController" time="0.182" errors="0" timestamp="2025-03-27T09:30:38 IST" skipped="1">
  <testcase classname="admin.BrandController" name="test02GetBrand" time="0.087"/>
  <system-out/>
  <testcase classname="admin.BrandController" name="test05GetBrands" time="0.026"/>
  <system-out/>
  <testcase classname="admin.BrandController" name="test03PostBrand" time="0.030"/>
  <system-out/>
  <testcase classname="admin.BrandController" name="test01PutBrand" time="0.039"/>
  <system-out/>
  <testcase classname="admin.BrandController" name="test04PostBrandExcel">
    <skipped/>
  </testcase> <!-- test04PostBrandExcel -->
  <system-out/>
</testsuite> <!-- admin.BrandController -->
