<?xml version="1.0" encoding="UTF-8"?>
<!-- Generated by org.testng.reporters.JUnitReportReporter -->
<testsuite hostname="LAPTOP-8LD3H0DF" failures="0" tests="2" name="admin.ForgotPasswordController" time="0.078" errors="0" timestamp="2025-03-27T09:30:38 IST" skipped="0">
  <testcase classname="admin.ForgotPasswordController" name="test02AuthForgotPassword" time="0.033"/>
  <system-out/>
  <testcase classname="admin.ForgotPasswordController" name="test01AuthResetPassword" time="0.045"/>
  <system-out/>
</testsuite> <!-- admin.ForgotPasswordController -->
