<?xml version="1.0" encoding="UTF-8"?>
<!-- Generated by org.testng.reporters.JUnitReportReporter -->
<testsuite hostname="LAPTOP-8LD3H0DF" failures="0" tests="3" name="admin.CompanyController" time="0.089" errors="0" timestamp="2025-03-27T09:30:38 IST" skipped="0">
  <testcase classname="admin.CompanyController" name="test03PostCompany" time="0.032"/>
  <system-out/>
  <testcase classname="admin.CompanyController" name="test01PutCompnayId" time="0.026"/>
  <system-out/>
  <testcase classname="admin.CompanyController" name="tset02GetCompnay" time="0.031"/>
  <system-out/>
</testsuite> <!-- admin.CompanyController -->
