<?xml version="1.0" encoding="UTF-8"?>
<!-- Generated by org.testng.reporters.JUnitReportReporter -->
<testsuite hostname="LAPTOP-8LD3H0DF" failures="0" tests="13" name="admin.LotDiamondBidController" time="0.758" errors="0" timestamp="2025-03-27T09:30:38 IST" skipped="1">
  <testcase classname="admin.LotDiamondBidController" name="test06LotDiamondLiveBids" time="0.019"/>
  <system-out/>
  <testcase classname="admin.LotDiamondBidController" name="test07LotDiamondFavourites" time="0.047"/>
  <system-out/>
  <testcase classname="admin.LotDiamondBidController" name="test01LotDiamondNegotiation" time="0.021"/>
  <system-out/>
  <testcase classname="admin.LotDiamondBidController" name="test10GetMyBidStatusData" time="0.054"/>
  <system-out/>
  <testcase classname="admin.LotDiamondBidController" name="test02LotDiamondSearch" time="0.032"/>
  <system-out/>
  <testcase classname="admin.LotDiamondBidController" name="test09LotDiamondGetMyStockData" time="0.258"/>
  <system-out/>
  <testcase classname="admin.LotDiamondBidController" name="test05LotDiamondLotId" time="0.057"/>
  <system-out/>
  <testcase classname="admin.LotDiamondBidController" name="test12GetLoseBids" time="0.048"/>
  <system-out/>
  <testcase classname="admin.LotDiamondBidController" name="test03LotDiamondSearchPage" time="0.036"/>
  <system-out/>
  <testcase classname="admin.LotDiamondBidController" name="test04LotDiamondRemark" time="0.060"/>
  <system-out/>
  <testcase classname="admin.LotDiamondBidController" name="test08LotDiamondGetWinBids" time="0.059"/>
  <system-out/>
  <testcase classname="admin.LotDiamondBidController" name="test11GetMyBids" time="0.067"/>
  <system-out/>
  <testcase classname="admin.LotDiamondBidController" name="test13GetAllWonBids">
    <skipped/>
  </testcase> <!-- test13GetAllWonBids -->
  <system-out/>
</testsuite> <!-- admin.LotDiamondBidController -->
