<?xml version="1.0" encoding="UTF-8"?>
<!-- Generated by org.testng.reporters.JUnitReportReporter -->
<testsuite hostname="DESKTOP-8D7P8N9" failures="0" tests="18" name="admin.AuctionController" time="1.252" errors="0" timestamp="2025-04-18T09:19:43 IST" skipped="0">
  <testcase classname="admin.AuctionController" name="test15GetAuctionsFinishedAndEndDiamond" time="0.033"/>
  <testcase classname="admin.AuctionController" name="test03PostAuction" time="0.035"/>
  <testcase classname="admin.AuctionController" name="test06GetAuctions" time="0.744"/>
  <testcase classname="admin.AuctionController" name="test05PostAuctionSentEmails" time="0.028"/>
  <testcase classname="admin.AuctionController" name="test18GetAuctionByActive" time="0.024"/>
  <testcase classname="admin.AuctionController" name="test08GetAuctionsUpcoming" time="0.039"/>
  <testcase classname="admin.AuctionController" name="test17GetAuctionsDiamond" time="0.032"/>
  <testcase classname="admin.AuctionController" name="test11GetAuctionsJewellery" time="0.027"/>
  <testcase classname="admin.AuctionController" name="test16GetAuctionsEvents" time="0.029"/>
  <testcase classname="admin.AuctionController" name="test12GetAuctionsInactive" time="0.025"/>
  <testcase classname="admin.AuctionController" name="test07GetAuctionView" time="0.028"/>
  <testcase classname="admin.AuctionController" name="test13GetAuctionsFinishedJewellery" time="0.021"/>
  <testcase classname="admin.AuctionController" name="test01PutAuctionId" time="0.027"/>
  <testcase classname="admin.AuctionController" name="test04PostAuctionSupplierUpdateEmails" time="0.027"/>
  <testcase classname="admin.AuctionController" name="test10GetAuctionsUpcomingDiamond" time="0.045"/>
  <testcase classname="admin.AuctionController" name="test09GetAuctionsUpcomingJewellery" time="0.037"/>
  <testcase classname="admin.AuctionController" name="test14GetSAuctionFinishedDiamond" time="0.027"/>
  <testcase classname="admin.AuctionController" name="test02DeleteAuctionId" time="0.024"/>
</testsuite> <!-- admin.AuctionController -->
