<?xml version="1.0" encoding="UTF-8"?>
<!-- Generated by org.testng.reporters.JUnitReportReporter -->
<testsuite hostname="DESKTOP-C9G084L" failures="0" tests="1" name="admin.CountryController" time="0.068" errors="0" timestamp="2025-04-18T17:28:53 IST" skipped="0">
  <testcase classname="admin.CountryController" name="test04GetCountries" time="0.068"/>
</testsuite> <!-- admin.CountryController -->
